[Wed Nov 01 2017 15:19:03 GMT+0530 (India Standard Time)] INFO Request body of sendToDevie Service IncomingMessage {
  _readableState: 
   ReadableState {
     objectMode: false,
     highWaterMark: 16384,
     buffer: BufferList { head: null, tail: null, length: 0 },
     length: 0,
     pipes: null,
     pipesCount: 0,
     flowing: true,
     ended: true,
     endEmitted: true,
     reading: false,
     sync: false,
     needReadable: false,
     emittedReadable: false,
     readableListening: false,
     resumeScheduled: false,
     defaultEncoding: 'utf8',
     ranOut: false,
     awaitDrain: 0,
     readingMore: false,
     decoder: null,
     encoding: null },
  readable: false,
  domain: null,
  _events: {},
  _eventsCount: 0,
  _maxListeners: undefined,
  socket: 
   Socket {
     connecting: false,
     _hadError: false,
     _handle: 
      TCP {
        bytesRead: 557,
        _externalStream: {},
        fd: -1,
        reading: true,
        owner: [Circular],
        onread: [Function: onread],
        onconnection: null,
        writeQueueSize: 0,
        _consumed: true },
     _parent: null,
     _host: null,
     _readableState: 
      ReadableState {
        objectMode: false,
        highWaterMark: 16384,
        buffer: [Object],
        length: 0,
        pipes: null,
        pipesCount: 0,
        flowing: true,
        ended: false,
        endEmitted: false,
        reading: true,
        sync: false,
        needReadable: true,
        emittedReadable: false,
        readableListening: false,
        resumeScheduled: false,
        defaultEncoding: 'utf8',
        ranOut: false,
        awaitDrain: 0,
        readingMore: false,
        decoder: null,
        encoding: null },
     readable: true,
     domain: null,
     _events: 
      { end: [Object],
        finish: [Function: onSocketFinish],
        _socketEnd: [Function: onSocketEnd],
        drain: [Object],
        timeout: [Function],
        error: [Object],
        close: [Object],
        data: [Function: socketOnData],
        resume: [Function: onSocketResume],
        pause: [Function: onSocketPause] },
     _eventsCount: 10,
     _maxListeners: undefined,
     _writableState: 
      WritableState {
        objectMode: false,
        highWaterMark: 16384,
        needDrain: false,
        ending: false,
        ended: false,
        finished: false,
        decodeStrings: false,
        defaultEncoding: 'utf8',
        length: 0,
        writing: false,
        corked: 0,
        sync: true,
        bufferProcessing: false,
        onwrite: [Function],
        writecb: null,
        writelen: 0,
        bufferedRequest: null,
        lastBufferedRequest: null,
        pendingcb: 0,
        prefinished: false,
        errorEmitted: false,
        bufferedRequestCount: 0,
        corkedRequestsFree: [Object] },
     writable: true,
     allowHalfOpen: true,
     destroyed: false,
     _bytesDispatched: 0,
     _sockname: null,
     _pendingData: null,
     _pendingEncoding: '',
     server: 
      Server {
        domain: null,
        _events: [Object],
        _eventsCount: 2,
        _maxListeners: undefined,
        _connections: 1,
        _handle: [Object],
        _usingSlaves: false,
        _slaves: [],
        _unref: false,
        allowHalfOpen: true,
        pauseOnConnect: false,
        httpAllowHalfOpen: false,
        timeout: 120000,
        _pendingResponseData: 0,
        _connectionKey: '6::::5000' },
     _server: 
      Server {
        domain: null,
        _events: [Object],
        _eventsCount: 2,
        _maxListeners: undefined,
        _connections: 1,
        _handle: [Object],
        _usingSlaves: false,
        _slaves: [],
        _unref: false,
        allowHalfOpen: true,
        pauseOnConnect: false,
        httpAllowHalfOpen: false,
        timeout: 120000,
        _pendingResponseData: 0,
        _connectionKey: '6::::5000' },
     _idleTimeout: 120000,
     _idleNext: 
      TimersList {
        _idleNext: [Circular],
        _idlePrev: [Circular],
        _timer: [Object],
        _unrefed: true,
        msecs: 120000,
        nextTick: false },
     _idlePrev: 
      TimersList {
        _idleNext: [Circular],
        _idlePrev: [Circular],
        _timer: [Object],
        _unrefed: true,
        msecs: 120000,
        nextTick: false },
     _idleStart: 10120,
     parser: 
      HTTPParser {
        '0': [Function: parserOnHeaders],
        '1': [Function: parserOnHeadersComplete],
        '2': [Function: parserOnBody],
        '3': [Function: parserOnMessageComplete],
        '4': [Function: onParserExecute],
        _headers: [],
        _url: '',
        _consumed: true,
        socket: [Circular],
        incoming: [Circular],
        outgoing: null,
        maxHeaderPairs: 2000,
        onIncoming: [Function: parserOnIncoming] },
     on: [Function: socketOnWrap],
     _paused: false,
     read: [Function],
     _consuming: true,
     _httpMessage: 
      ServerResponse {
        domain: null,
        _events: [Object],
        _eventsCount: 2,
        _maxListeners: undefined,
        output: [],
        outputEncodings: [],
        outputCallbacks: [],
        outputSize: 0,
        writable: true,
        _last: false,
        upgrading: false,
        chunkedEncoding: false,
        shouldKeepAlive: true,
        useChunkedEncodingByDefault: true,
        sendDate: true,
        _removedHeader: {},
        _contentLength: null,
        _hasBody: true,
        _trailer: '',
        finished: false,
        _headerSent: false,
        socket: [Circular],
        connection: [Circular],
        _header: null,
        _headers: [Object],
        _headerNames: [Object],
        _onPendingData: [Function: updateOutgoingData],
        req: [Circular],
        locals: {},
        _startAt: undefined,
        _startTime: undefined,
        writeHead: [Function: writeHead],
        __onFinished: [Object] },
     _peername: { address: '::1', family: 'IPv6', port: 52649 } },
  connection: 
   Socket {
     connecting: false,
     _hadError: false,
     _handle: 
      TCP {
        bytesRead: 557,
        _externalStream: {},
        fd: -1,
        reading: true,
        owner: [Circular],
        onread: [Function: onread],
        onconnection: null,
        writeQueueSize: 0,
        _consumed: true },
     _parent: null,
     _host: null,
     _readableState: 
      ReadableState {
        objectMode: false,
        highWaterMark: 16384,
        buffer: [Object],
        length: 0,
        pipes: null,
        pipesCount: 0,
        flowing: true,
        ended: false,
        endEmitted: false,
        reading: true,
        sync: false,
        needReadable: true,
        emittedReadable: false,
        readableListening: false,
        resumeScheduled: false,
        defaultEncoding: 'utf8',
        ranOut: false,
        awaitDrain: 0,
        readingMore: false,
        decoder: null,
        encoding: null },
     readable: true,
     domain: null,
     _events: 
      { end: [Object],
        finish: [Function: onSocketFinish],
        _socketEnd: [Function: onSocketEnd],
        drain: [Object],
        timeout: [Function],
        error: [Object],
        close: [Object],
        data: [Function: socketOnData],
        resume: [Function: onSocketResume],
        pause: [Function: onSocketPause] },
     _eventsCount: 10,
     _maxListeners: undefined,
     _writableState: 
      WritableState {
        objectMode: false,
        highWaterMark: 16384,
        needDrain: false,
        ending: false,
        ended: false,
        finished: false,
        decodeStrings: false,
        defaultEncoding: 'utf8',
        length: 0,
        writing: false,
        corked: 0,
        sync: true,
        bufferProcessing: false,
        onwrite: [Function],
        writecb: null,
        writelen: 0,
        bufferedRequest: null,
        lastBufferedRequest: null,
        pendingcb: 0,
        prefinished: false,
        errorEmitted: false,
        bufferedRequestCount: 0,
        corkedRequestsFree: [Object] },
     writable: true,
     allowHalfOpen: true,
     destroyed: false,
     _bytesDispatched: 0,
     _sockname: null,
     _pendingData: null,
     _pendingEncoding: '',
     server: 
      Server {
        domain: null,
        _events: [Object],
        _eventsCount: 2,
        _maxListeners: undefined,
        _connections: 1,
        _handle: [Object],
        _usingSlaves: false,
        _slaves: [],
        _unref: false,
        allowHalfOpen: true,
        pauseOnConnect: false,
        httpAllowHalfOpen: false,
        timeout: 120000,
        _pendingResponseData: 0,
        _connectionKey: '6::::5000' },
     _server: 
      Server {
        domain: null,
        _events: [Object],
        _eventsCount: 2,
        _maxListeners: undefined,
        _connections: 1,
        _handle: [Object],
        _usingSlaves: false,
        _slaves: [],
        _unref: false,
        allowHalfOpen: true,
        pauseOnConnect: false,
        httpAllowHalfOpen: false,
        timeout: 120000,
        _pendingResponseData: 0,
        _connectionKey: '6::::5000' },
     _idleTimeout: 120000,
     _idleNext: 
      TimersList {
        _idleNext: [Circular],
        _idlePrev: [Circular],
        _timer: [Object],
        _unrefed: true,
        msecs: 120000,
        nextTick: false },
     _idlePrev: 
      TimersList {
        _idleNext: [Circular],
        _idlePrev: [Circular],
        _timer: [Object],
        _unrefed: true,
        msecs: 120000,
        nextTick: false },
     _idleStart: 10120,
     parser: 
      HTTPParser {
        '0': [Function: parserOnHeaders],
        '1': [Function: parserOnHeadersComplete],
        '2': [Function: parserOnBody],
        '3': [Function: parserOnMessageComplete],
        '4': [Function: onParserExecute],
        _headers: [],
        _url: '',
        _consumed: true,
        socket: [Circular],
        incoming: [Circular],
        outgoing: null,
        maxHeaderPairs: 2000,
        onIncoming: [Function: parserOnIncoming] },
     on: [Function: socketOnWrap],
     _paused: false,
     read: [Function],
     _consuming: true,
     _httpMessage: 
      ServerResponse {
        domain: null,
        _events: [Object],
        _eventsCount: 2,
        _maxListeners: undefined,
        output: [],
        outputEncodings: [],
        outputCallbacks: [],
        outputSize: 0,
        writable: true,
        _last: false,
        upgrading: false,
        chunkedEncoding: false,
        shouldKeepAlive: true,
        useChunkedEncodingByDefault: true,
        sendDate: true,
        _removedHeader: {},
        _contentLength: null,
        _hasBody: true,
        _trailer: '',
        finished: false,
        _headerSent: false,
        socket: [Circular],
        connection: [Circular],
        _header: null,
        _headers: [Object],
        _headerNames: [Object],
        _onPendingData: [Function: updateOutgoingData],
        req: [Circular],
        locals: {},
        _startAt: undefined,
        _startTime: undefined,
        writeHead: [Function: writeHead],
        __onFinished: [Object] },
     _peername: { address: '::1', family: 'IPv6', port: 52649 } },
  httpVersionMajor: 1,
  httpVersionMinor: 1,
  httpVersion: '1.1',
  complete: true,
  headers: 
   { 'cache-control': 'no-cache',
     'postman-token': 'cd68757f-7ad9-4970-856c-7d7e9151acf1',
     'content-type': 'application/json',
     'user-agent': 'PostmanRuntime/6.4.1',
     accept: '*/*',
     host: 'localhost:5000',
     'accept-encoding': 'gzip, deflate',
     'content-length': '270',
     connection: 'keep-alive' },
  rawHeaders: 
   [ 'cache-control',
     'no-cache',
     'Postman-Token',
     'cd68757f-7ad9-4970-856c-7d7e9151acf1',
     'Content-Type',
     'application/json',
     'User-Agent',
     'PostmanRuntime/6.4.1',
     'Accept',
     '*/*',
     'Host',
     'localhost:5000',
     'accept-encoding',
     'gzip, deflate',
     'content-length',
     '270',
     'Connection',
     'keep-alive' ],
  trailers: {},
  rawTrailers: [],
  upgrade: false,
  url: '/sendToDevice',
  method: 'POST',
  statusCode: null,
  statusMessage: null,
  client: 
   Socket {
     connecting: false,
     _hadError: false,
     _handle: 
      TCP {
        bytesRead: 557,
        _externalStream: {},
        fd: -1,
        reading: true,
        owner: [Circular],
        onread: [Function: onread],
        onconnection: null,
        writeQueueSize: 0,
        _consumed: true },
     _parent: null,
     _host: null,
     _readableState: 
      ReadableState {
        objectMode: false,
        highWaterMark: 16384,
        buffer: [Object],
        length: 0,
        pipes: null,
        pipesCount: 0,
        flowing: true,
        ended: false,
        endEmitted: false,
        reading: true,
        sync: false,
        needReadable: true,
        emittedReadable: false,
        readableListening: false,
        resumeScheduled: false,
        defaultEncoding: 'utf8',
        ranOut: false,
        awaitDrain: 0,
        readingMore: false,
        decoder: null,
        encoding: null },
     readable: true,
     domain: null,
     _events: 
      { end: [Object],
        finish: [Function: onSocketFinish],
        _socketEnd: [Function: onSocketEnd],
        drain: [Object],
        timeout: [Function],
        error: [Object],
        close: [Object],
        data: [Function: socketOnData],
        resume: [Function: onSocketResume],
        pause: [Function: onSocketPause] },
     _eventsCount: 10,
     _maxListeners: undefined,
     _writableState: 
      WritableState {
        objectMode: false,
        highWaterMark: 16384,
        needDrain: false,
        ending: false,
        ended: false,
        finished: false,
        decodeStrings: false,
        defaultEncoding: 'utf8',
        length: 0,
        writing: false,
        corked: 0,
        sync: true,
        bufferProcessing: false,
        onwrite: [Function],
        writecb: null,
        writelen: 0,
        bufferedRequest: null,
        lastBufferedRequest: null,
        pendingcb: 0,
        prefinished: false,
        errorEmitted: false,
        bufferedRequestCount: 0,
        corkedRequestsFree: [Object] },
     writable: true,
     allowHalfOpen: true,
     destroyed: false,
     _bytesDispatched: 0,
     _sockname: null,
     _pendingData: null,
     _pendingEncoding: '',
     server: 
      Server {
        domain: null,
        _events: [Object],
        _eventsCount: 2,
        _maxListeners: undefined,
        _connections: 1,
        _handle: [Object],
        _usingSlaves: false,
        _slaves: [],
        _unref: false,
        allowHalfOpen: true,
        pauseOnConnect: false,
        httpAllowHalfOpen: false,
        timeout: 120000,
        _pendingResponseData: 0,
        _connectionKey: '6::::5000' },
     _server: 
      Server {
        domain: null,
        _events: [Object],
        _eventsCount: 2,
        _maxListeners: undefined,
        _connections: 1,
        _handle: [Object],
        _usingSlaves: false,
        _slaves: [],
        _unref: false,
        allowHalfOpen: true,
        pauseOnConnect: false,
        httpAllowHalfOpen: false,
        timeout: 120000,
        _pendingResponseData: 0,
        _connectionKey: '6::::5000' },
     _idleTimeout: 120000,
     _idleNext: 
      TimersList {
        _idleNext: [Circular],
        _idlePrev: [Circular],
        _timer: [Object],
        _unrefed: true,
        msecs: 120000,
        nextTick: false },
     _idlePrev: 
      TimersList {
        _idleNext: [Circular],
        _idlePrev: [Circular],
        _timer: [Object],
        _unrefed: true,
        msecs: 120000,
        nextTick: false },
     _idleStart: 10120,
     parser: 
      HTTPParser {
        '0': [Function: parserOnHeaders],
        '1': [Function: parserOnHeadersComplete],
        '2': [Function: parserOnBody],
        '3': [Function: parserOnMessageComplete],
        '4': [Function: onParserExecute],
        _headers: [],
        _url: '',
        _consumed: true,
        socket: [Circular],
        incoming: [Circular],
        outgoing: null,
        maxHeaderPairs: 2000,
        onIncoming: [Function: parserOnIncoming] },
     on: [Function: socketOnWrap],
     _paused: false,
     read: [Function],
     _consuming: true,
     _httpMessage: 
      ServerResponse {
        domain: null,
        _events: [Object],
        _eventsCount: 2,
        _maxListeners: undefined,
        output: [],
        outputEncodings: [],
        outputCallbacks: [],
        outputSize: 0,
        writable: true,
        _last: false,
        upgrading: false,
        chunkedEncoding: false,
        shouldKeepAlive: true,
        useChunkedEncodingByDefault: true,
        sendDate: true,
        _removedHeader: {},
        _contentLength: null,
        _hasBody: true,
        _trailer: '',
        finished: false,
        _headerSent: false,
        socket: [Circular],
        connection: [Circular],
        _header: null,
        _headers: [Object],
        _headerNames: [Object],
        _onPendingData: [Function: updateOutgoingData],
        req: [Circular],
        locals: {},
        _startAt: undefined,
        _startTime: undefined,
        writeHead: [Function: writeHead],
        __onFinished: [Object] },
     _peername: { address: '::1', family: 'IPv6', port: 52649 } },
  _consuming: true,
  _dumped: false,
  next: [Function: next],
  baseUrl: '',
  originalUrl: '/sendToDevice',
  _parsedUrl: 
   Url {
     protocol: null,
     slashes: null,
     auth: null,
     host: null,
     port: null,
     hostname: null,
     hash: null,
     search: null,
     query: null,
     pathname: '/sendToDevice',
     path: '/sendToDevice',
     href: '/sendToDevice',
     _raw: '/sendToDevice' },
  params: {},
  query: {},
  res: 
   ServerResponse {
     domain: null,
     _events: { finish: [Object], end: [Function: onevent] },
     _eventsCount: 2,
     _maxListeners: undefined,
     output: [],
     outputEncodings: [],
     outputCallbacks: [],
     outputSize: 0,
     writable: true,
     _last: false,
     upgrading: false,
     chunkedEncoding: false,
     shouldKeepAlive: true,
     useChunkedEncodingByDefault: true,
     sendDate: true,
     _removedHeader: {},
     _contentLength: null,
     _hasBody: true,
     _trailer: '',
     finished: false,
     _headerSent: false,
     socket: 
      Socket {
        connecting: false,
        _hadError: false,
        _handle: [Object],
        _parent: null,
        _host: null,
        _readableState: [Object],
        readable: true,
        domain: null,
        _events: [Object],
        _eventsCount: 10,
        _maxListeners: undefined,
        _writableState: [Object],
        writable: true,
        allowHalfOpen: true,
        destroyed: false,
        _bytesDispatched: 0,
        _sockname: null,
        _pendingData: null,
        _pendingEncoding: '',
        server: [Object],
        _server: [Object],
        _idleTimeout: 120000,
        _idleNext: [Object],
        _idlePrev: [Object],
        _idleStart: 10120,
        parser: [Object],
        on: [Function: socketOnWrap],
        _paused: false,
        read: [Function],
        _consuming: true,
        _httpMessage: [Circular],
        _peername: [Object] },
     connection: 
      Socket {
        connecting: false,
        _hadError: false,
        _handle: [Object],
        _parent: null,
        _host: null,
        _readableState: [Object],
        readable: true,
        domain: null,
        _events: [Object],
        _eventsCount: 10,
        _maxListeners: undefined,
        _writableState: [Object],
        writable: true,
        allowHalfOpen: true,
        destroyed: false,
        _bytesDispatched: 0,
        _sockname: null,
        _pendingData: null,
        _pendingEncoding: '',
        server: [Object],
        _server: [Object],
        _idleTimeout: 120000,
        _idleNext: [Object],
        _idlePrev: [Object],
        _idleStart: 10120,
        parser: [Object],
        on: [Function: socketOnWrap],
        _paused: false,
        read: [Function],
        _consuming: true,
        _httpMessage: [Circular],
        _peername: [Object] },
     _header: null,
     _headers: { 'x-powered-by': 'Express' },
     _headerNames: { 'x-powered-by': 'X-Powered-By' },
     _onPendingData: [Function: updateOutgoingData],
     req: [Circular],
     locals: {},
     _startAt: undefined,
     _startTime: undefined,
     writeHead: [Function: writeHead],
     __onFinished: { [Function: listener] queue: [Object] } },
  _startAt: [ 11710, 850110060 ],
  _startTime: 2017-11-01T09:49:03.062Z,
  _remoteAddress: '::1',
  body: 
   { username: [ 'sureshchouksey' ],
     notification: 
      { title: 'Fulcrum Alert',
        body: 'You got message from FCM for second App',
        icon: 'http://localhost:5000/images/firebaseIcon2.png' },
     packageName: 'opusNeoTwo' },
  _body: true,
  length: undefined,
  read: [Function],
  route: 
   Route {
     path: '/sendToDevice',
     stack: [ [Object] ],
     methods: { post: true } } }
[Wed Nov 01 2017 15:19:03 GMT+0530 (India Standard Time)] INFO registrationTokens:Input parameter of send messaging service in FCM [ 'eiHtpT0lq0Q:APA91bFOZcSlRjNUJUrCgx09q657mzp0d9hvoVkmpLqUL1b0HjJzyWqzMLMKmdcxyz_G0begyzO4fBVqWMEnYeUpSsc5nNjwp5mHg-aUTXVVdJp9Vba1djM3UbimyBt2guNR5TtqnXsZ' ]
[Wed Nov 01 2017 15:19:03 GMT+0530 (India Standard Time)] INFO payload:Input parameter of send messaging service in FCM { notification: 
   { title: 'Fulcrum Alert',
     body: 'You got message from FCM for second App',
     icon: 'http://localhost:5000/images/firebaseIcon2.png' } }
[Wed Nov 01 2017 15:19:03 GMT+0530 (India Standard Time)] INFO Successfully sent message: { results: [ { messageId: '0:1509529764029427%0859990a0859990a' } ],
  canonicalRegistrationTokenCount: 0,
  failureCount: 0,
  successCount: 1,
  multicastId: 8614451127060073000 }
[Wed Nov 01 2017 15:19:11 GMT+0530 (India Standard Time)] INFO Request body of sendToDeviceWithMultipleNotification Service IncomingMessage {
  _readableState: 
   ReadableState {
     objectMode: false,
     highWaterMark: 16384,
     buffer: BufferList { head: null, tail: null, length: 0 },
     length: 0,
     pipes: null,
     pipesCount: 0,
     flowing: true,
     ended: true,
     endEmitted: true,
     reading: false,
     sync: false,
     needReadable: false,
     emittedReadable: false,
     readableListening: false,
     resumeScheduled: false,
     defaultEncoding: 'utf8',
     ranOut: false,
     awaitDrain: 0,
     readingMore: false,
     decoder: null,
     encoding: null },
  readable: false,
  domain: null,
  _events: {},
  _eventsCount: 0,
  _maxListeners: undefined,
  socket: 
   Socket {
     connecting: false,
     _hadError: false,
     _handle: 
      TCP {
        bytesRead: 1221,
        _externalStream: {},
        fd: -1,
        reading: true,
        owner: [Circular],
        onread: [Function: onread],
        onconnection: null,
        writeQueueSize: 0,
        _consumed: true },
     _parent: null,
     _host: null,
     _readableState: 
      ReadableState {
        objectMode: false,
        highWaterMark: 16384,
        buffer: [Object],
        length: 0,
        pipes: null,
        pipesCount: 0,
        flowing: true,
        ended: false,
        endEmitted: false,
        reading: true,
        sync: false,
        needReadable: true,
        emittedReadable: false,
        readableListening: false,
        resumeScheduled: false,
        defaultEncoding: 'utf8',
        ranOut: false,
        awaitDrain: 0,
        readingMore: false,
        decoder: null,
        encoding: null },
     readable: true,
     domain: null,
     _events: 
      { end: [Object],
        finish: [Function: onSocketFinish],
        _socketEnd: [Function: onSocketEnd],
        drain: [Object],
        timeout: [Function],
        error: [Object],
        close: [Object],
        data: [Function: socketOnData],
        resume: [Function: onSocketResume],
        pause: [Function: onSocketPause] },
     _eventsCount: 10,
     _maxListeners: undefined,
     _writableState: 
      WritableState {
        objectMode: false,
        highWaterMark: 16384,
        needDrain: false,
        ending: false,
        ended: false,
        finished: false,
        decodeStrings: false,
        defaultEncoding: 'utf8',
        length: 0,
        writing: false,
        corked: 0,
        sync: false,
        bufferProcessing: false,
        onwrite: [Function],
        writecb: null,
        writelen: 0,
        bufferedRequest: null,
        lastBufferedRequest: null,
        pendingcb: 0,
        prefinished: false,
        errorEmitted: false,
        bufferedRequestCount: 0,
        corkedRequestsFree: [Object] },
     writable: true,
     allowHalfOpen: true,
     destroyed: false,
     _bytesDispatched: 382,
     _sockname: null,
     _pendingData: null,
     _pendingEncoding: '',
     server: 
      Server {
        domain: null,
        _events: [Object],
        _eventsCount: 2,
        _maxListeners: undefined,
        _connections: 1,
        _handle: [Object],
        _usingSlaves: false,
        _slaves: [],
        _unref: false,
        allowHalfOpen: true,
        pauseOnConnect: false,
        httpAllowHalfOpen: false,
        timeout: 120000,
        _pendingResponseData: 0,
        _connectionKey: '6::::5000' },
     _server: 
      Server {
        domain: null,
        _events: [Object],
        _eventsCount: 2,
        _maxListeners: undefined,
        _connections: 1,
        _handle: [Object],
        _usingSlaves: false,
        _slaves: [],
        _unref: false,
        allowHalfOpen: true,
        pauseOnConnect: false,
        httpAllowHalfOpen: false,
        timeout: 120000,
        _pendingResponseData: 0,
        _connectionKey: '6::::5000' },
     _idleTimeout: 120000,
     _idleNext: 
      TimersList {
        _idleNext: [Circular],
        _idlePrev: [Circular],
        _timer: [Object],
        _unrefed: true,
        msecs: 120000,
        nextTick: false },
     _idlePrev: 
      TimersList {
        _idleNext: [Circular],
        _idlePrev: [Circular],
        _timer: [Object],
        _unrefed: true,
        msecs: 120000,
        nextTick: false },
     _idleStart: 18328,
     parser: 
      HTTPParser {
        '0': [Function: parserOnHeaders],
        '1': [Function: parserOnHeadersComplete],
        '2': [Function: parserOnBody],
        '3': [Function: parserOnMessageComplete],
        '4': [Function: onParserExecute],
        _headers: [],
        _url: '',
        _consumed: true,
        socket: [Circular],
        incoming: [Circular],
        outgoing: null,
        maxHeaderPairs: 2000,
        onIncoming: [Function: parserOnIncoming] },
     on: [Function: socketOnWrap],
     _paused: false,
     read: [Function],
     _consuming: true,
     _httpMessage: 
      ServerResponse {
        domain: null,
        _events: [Object],
        _eventsCount: 2,
        _maxListeners: undefined,
        output: [],
        outputEncodings: [],
        outputCallbacks: [],
        outputSize: 0,
        writable: true,
        _last: false,
        upgrading: false,
        chunkedEncoding: false,
        shouldKeepAlive: true,
        useChunkedEncodingByDefault: true,
        sendDate: true,
        _removedHeader: {},
        _contentLength: null,
        _hasBody: true,
        _trailer: '',
        finished: false,
        _headerSent: false,
        socket: [Circular],
        connection: [Circular],
        _header: null,
        _headers: [Object],
        _headerNames: [Object],
        _onPendingData: [Function: updateOutgoingData],
        req: [Circular],
        locals: {},
        _startAt: undefined,
        _startTime: undefined,
        writeHead: [Function: writeHead],
        __onFinished: [Object] },
     _peername: { address: '::1', family: 'IPv6', port: 52649 } },
  connection: 
   Socket {
     connecting: false,
     _hadError: false,
     _handle: 
      TCP {
        bytesRead: 1221,
        _externalStream: {},
        fd: -1,
        reading: true,
        owner: [Circular],
        onread: [Function: onread],
        onconnection: null,
        writeQueueSize: 0,
        _consumed: true },
     _parent: null,
     _host: null,
     _readableState: 
      ReadableState {
        objectMode: false,
        highWaterMark: 16384,
        buffer: [Object],
        length: 0,
        pipes: null,
        pipesCount: 0,
        flowing: true,
        ended: false,
        endEmitted: false,
        reading: true,
        sync: false,
        needReadable: true,
        emittedReadable: false,
        readableListening: false,
        resumeScheduled: false,
        defaultEncoding: 'utf8',
        ranOut: false,
        awaitDrain: 0,
        readingMore: false,
        decoder: null,
        encoding: null },
     readable: true,
     domain: null,
     _events: 
      { end: [Object],
        finish: [Function: onSocketFinish],
        _socketEnd: [Function: onSocketEnd],
        drain: [Object],
        timeout: [Function],
        error: [Object],
        close: [Object],
        data: [Function: socketOnData],
        resume: [Function: onSocketResume],
        pause: [Function: onSocketPause] },
     _eventsCount: 10,
     _maxListeners: undefined,
     _writableState: 
      WritableState {
        objectMode: false,
        highWaterMark: 16384,
        needDrain: false,
        ending: false,
        ended: false,
        finished: false,
        decodeStrings: false,
        defaultEncoding: 'utf8',
        length: 0,
        writing: false,
        corked: 0,
        sync: false,
        bufferProcessing: false,
        onwrite: [Function],
        writecb: null,
        writelen: 0,
        bufferedRequest: null,
        lastBufferedRequest: null,
        pendingcb: 0,
        prefinished: false,
        errorEmitted: false,
        bufferedRequestCount: 0,
        corkedRequestsFree: [Object] },
     writable: true,
     allowHalfOpen: true,
     destroyed: false,
     _bytesDispatched: 382,
     _sockname: null,
     _pendingData: null,
     _pendingEncoding: '',
     server: 
      Server {
        domain: null,
        _events: [Object],
        _eventsCount: 2,
        _maxListeners: undefined,
        _connections: 1,
        _handle: [Object],
        _usingSlaves: false,
        _slaves: [],
        _unref: false,
        allowHalfOpen: true,
        pauseOnConnect: false,
        httpAllowHalfOpen: false,
        timeout: 120000,
        _pendingResponseData: 0,
        _connectionKey: '6::::5000' },
     _server: 
      Server {
        domain: null,
        _events: [Object],
        _eventsCount: 2,
        _maxListeners: undefined,
        _connections: 1,
        _handle: [Object],
        _usingSlaves: false,
        _slaves: [],
        _unref: false,
        allowHalfOpen: true,
        pauseOnConnect: false,
        httpAllowHalfOpen: false,
        timeout: 120000,
        _pendingResponseData: 0,
        _connectionKey: '6::::5000' },
     _idleTimeout: 120000,
     _idleNext: 
      TimersList {
        _idleNext: [Circular],
        _idlePrev: [Circular],
        _timer: [Object],
        _unrefed: true,
        msecs: 120000,
        nextTick: false },
     _idlePrev: 
      TimersList {
        _idleNext: [Circular],
        _idlePrev: [Circular],
        _timer: [Object],
        _unrefed: true,
        msecs: 120000,
        nextTick: false },
     _idleStart: 18328,
     parser: 
      HTTPParser {
        '0': [Function: parserOnHeaders],
        '1': [Function: parserOnHeadersComplete],
        '2': [Function: parserOnBody],
        '3': [Function: parserOnMessageComplete],
        '4': [Function: onParserExecute],
        _headers: [],
        _url: '',
        _consumed: true,
        socket: [Circular],
        incoming: [Circular],
        outgoing: null,
        maxHeaderPairs: 2000,
        onIncoming: [Function: parserOnIncoming] },
     on: [Function: socketOnWrap],
     _paused: false,
     read: [Function],
     _consuming: true,
     _httpMessage: 
      ServerResponse {
        domain: null,
        _events: [Object],
        _eventsCount: 2,
        _maxListeners: undefined,
        output: [],
        outputEncodings: [],
        outputCallbacks: [],
        outputSize: 0,
        writable: true,
        _last: false,
        upgrading: false,
        chunkedEncoding: false,
        shouldKeepAlive: true,
        useChunkedEncodingByDefault: true,
        sendDate: true,
        _removedHeader: {},
        _contentLength: null,
        _hasBody: true,
        _trailer: '',
        finished: false,
        _headerSent: false,
        socket: [Circular],
        connection: [Circular],
        _header: null,
        _headers: [Object],
        _headerNames: [Object],
        _onPendingData: [Function: updateOutgoingData],
        req: [Circular],
        locals: {},
        _startAt: undefined,
        _startTime: undefined,
        writeHead: [Function: writeHead],
        __onFinished: [Object] },
     _peername: { address: '::1', family: 'IPv6', port: 52649 } },
  httpVersionMajor: 1,
  httpVersionMinor: 1,
  httpVersion: '1.1',
  complete: true,
  headers: 
   { 'cache-control': 'no-cache',
     'postman-token': '5718777a-3125-4683-81e6-4d5ae5c4af6e',
     'content-type': 'application/json',
     'user-agent': 'PostmanRuntime/6.4.1',
     accept: '*/*',
     host: 'localhost:5000',
     'accept-encoding': 'gzip, deflate',
     'content-length': '353',
     connection: 'keep-alive' },
  rawHeaders: 
   [ 'cache-control',
     'no-cache',
     'Postman-Token',
     '5718777a-3125-4683-81e6-4d5ae5c4af6e',
     'Content-Type',
     'application/json',
     'User-Agent',
     'PostmanRuntime/6.4.1',
     'Accept',
     '*/*',
     'Host',
     'localhost:5000',
     'accept-encoding',
     'gzip, deflate',
     'content-length',
     '353',
     'Connection',
     'keep-alive' ],
  trailers: {},
  rawTrailers: [],
  upgrade: false,
  url: '/sendToDeviceWithMultipleNotification',
  method: 'POST',
  statusCode: null,
  statusMessage: null,
  client: 
   Socket {
     connecting: false,
     _hadError: false,
     _handle: 
      TCP {
        bytesRead: 1221,
        _externalStream: {},
        fd: -1,
        reading: true,
        owner: [Circular],
        onread: [Function: onread],
        onconnection: null,
        writeQueueSize: 0,
        _consumed: true },
     _parent: null,
     _host: null,
     _readableState: 
      ReadableState {
        objectMode: false,
        highWaterMark: 16384,
        buffer: [Object],
        length: 0,
        pipes: null,
        pipesCount: 0,
        flowing: true,
        ended: false,
        endEmitted: false,
        reading: true,
        sync: false,
        needReadable: true,
        emittedReadable: false,
        readableListening: false,
        resumeScheduled: false,
        defaultEncoding: 'utf8',
        ranOut: false,
        awaitDrain: 0,
        readingMore: false,
        decoder: null,
        encoding: null },
     readable: true,
     domain: null,
     _events: 
      { end: [Object],
        finish: [Function: onSocketFinish],
        _socketEnd: [Function: onSocketEnd],
        drain: [Object],
        timeout: [Function],
        error: [Object],
        close: [Object],
        data: [Function: socketOnData],
        resume: [Function: onSocketResume],
        pause: [Function: onSocketPause] },
     _eventsCount: 10,
     _maxListeners: undefined,
     _writableState: 
      WritableState {
        objectMode: false,
        highWaterMark: 16384,
        needDrain: false,
        ending: false,
        ended: false,
        finished: false,
        decodeStrings: false,
        defaultEncoding: 'utf8',
        length: 0,
        writing: false,
        corked: 0,
        sync: false,
        bufferProcessing: false,
        onwrite: [Function],
        writecb: null,
        writelen: 0,
        bufferedRequest: null,
        lastBufferedRequest: null,
        pendingcb: 0,
        prefinished: false,
        errorEmitted: false,
        bufferedRequestCount: 0,
        corkedRequestsFree: [Object] },
     writable: true,
     allowHalfOpen: true,
     destroyed: false,
     _bytesDispatched: 382,
     _sockname: null,
     _pendingData: null,
     _pendingEncoding: '',
     server: 
      Server {
        domain: null,
        _events: [Object],
        _eventsCount: 2,
        _maxListeners: undefined,
        _connections: 1,
        _handle: [Object],
        _usingSlaves: false,
        _slaves: [],
        _unref: false,
        allowHalfOpen: true,
        pauseOnConnect: false,
        httpAllowHalfOpen: false,
        timeout: 120000,
        _pendingResponseData: 0,
        _connectionKey: '6::::5000' },
     _server: 
      Server {
        domain: null,
        _events: [Object],
        _eventsCount: 2,
        _maxListeners: undefined,
        _connections: 1,
        _handle: [Object],
        _usingSlaves: false,
        _slaves: [],
        _unref: false,
        allowHalfOpen: true,
        pauseOnConnect: false,
        httpAllowHalfOpen: false,
        timeout: 120000,
        _pendingResponseData: 0,
        _connectionKey: '6::::5000' },
     _idleTimeout: 120000,
     _idleNext: 
      TimersList {
        _idleNext: [Circular],
        _idlePrev: [Circular],
        _timer: [Object],
        _unrefed: true,
        msecs: 120000,
        nextTick: false },
     _idlePrev: 
      TimersList {
        _idleNext: [Circular],
        _idlePrev: [Circular],
        _timer: [Object],
        _unrefed: true,
        msecs: 120000,
        nextTick: false },
     _idleStart: 18328,
     parser: 
      HTTPParser {
        '0': [Function: parserOnHeaders],
        '1': [Function: parserOnHeadersComplete],
        '2': [Function: parserOnBody],
        '3': [Function: parserOnMessageComplete],
        '4': [Function: onParserExecute],
        _headers: [],
        _url: '',
        _consumed: true,
        socket: [Circular],
        incoming: [Circular],
        outgoing: null,
        maxHeaderPairs: 2000,
        onIncoming: [Function: parserOnIncoming] },
     on: [Function: socketOnWrap],
     _paused: false,
     read: [Function],
     _consuming: true,
     _httpMessage: 
      ServerResponse {
        domain: null,
        _events: [Object],
        _eventsCount: 2,
        _maxListeners: undefined,
        output: [],
        outputEncodings: [],
        outputCallbacks: [],
        outputSize: 0,
        writable: true,
        _last: false,
        upgrading: false,
        chunkedEncoding: false,
        shouldKeepAlive: true,
        useChunkedEncodingByDefault: true,
        sendDate: true,
        _removedHeader: {},
        _contentLength: null,
        _hasBody: true,
        _trailer: '',
        finished: false,
        _headerSent: false,
        socket: [Circular],
        connection: [Circular],
        _header: null,
        _headers: [Object],
        _headerNames: [Object],
        _onPendingData: [Function: updateOutgoingData],
        req: [Circular],
        locals: {},
        _startAt: undefined,
        _startTime: undefined,
        writeHead: [Function: writeHead],
        __onFinished: [Object] },
     _peername: { address: '::1', family: 'IPv6', port: 52649 } },
  _consuming: true,
  _dumped: false,
  next: [Function: next],
  baseUrl: '',
  originalUrl: '/sendToDeviceWithMultipleNotification',
  _parsedUrl: 
   Url {
     protocol: null,
     slashes: null,
     auth: null,
     host: null,
     port: null,
     hostname: null,
     hash: null,
     search: null,
     query: null,
     pathname: '/sendToDeviceWithMultipleNotification',
     path: '/sendToDeviceWithMultipleNotification',
     href: '/sendToDeviceWithMultipleNotification',
     _raw: '/sendToDeviceWithMultipleNotification' },
  params: {},
  query: {},
  res: 
   ServerResponse {
     domain: null,
     _events: { finish: [Object], end: [Function: onevent] },
     _eventsCount: 2,
     _maxListeners: undefined,
     output: [],
     outputEncodings: [],
     outputCallbacks: [],
     outputSize: 0,
     writable: true,
     _last: false,
     upgrading: false,
     chunkedEncoding: false,
     shouldKeepAlive: true,
     useChunkedEncodingByDefault: true,
     sendDate: true,
     _removedHeader: {},
     _contentLength: null,
     _hasBody: true,
     _trailer: '',
     finished: false,
     _headerSent: false,
     socket: 
      Socket {
        connecting: false,
        _hadError: false,
        _handle: [Object],
        _parent: null,
        _host: null,
        _readableState: [Object],
        readable: true,
        domain: null,
        _events: [Object],
        _eventsCount: 10,
        _maxListeners: undefined,
        _writableState: [Object],
        writable: true,
        allowHalfOpen: true,
        destroyed: false,
        _bytesDispatched: 382,
        _sockname: null,
        _pendingData: null,
        _pendingEncoding: '',
        server: [Object],
        _server: [Object],
        _idleTimeout: 120000,
        _idleNext: [Object],
        _idlePrev: [Object],
        _idleStart: 18328,
        parser: [Object],
        on: [Function: socketOnWrap],
        _paused: false,
        read: [Function],
        _consuming: true,
        _httpMessage: [Circular],
        _peername: [Object] },
     connection: 
      Socket {
        connecting: false,
        _hadError: false,
        _handle: [Object],
        _parent: null,
        _host: null,
        _readableState: [Object],
        readable: true,
        domain: null,
        _events: [Object],
        _eventsCount: 10,
        _maxListeners: undefined,
        _writableState: [Object],
        writable: true,
        allowHalfOpen: true,
        destroyed: false,
        _bytesDispatched: 382,
        _sockname: null,
        _pendingData: null,
        _pendingEncoding: '',
        server: [Object],
        _server: [Object],
        _idleTimeout: 120000,
        _idleNext: [Object],
        _idlePrev: [Object],
        _idleStart: 18328,
        parser: [Object],
        on: [Function: socketOnWrap],
        _paused: false,
        read: [Function],
        _consuming: true,
        _httpMessage: [Circular],
        _peername: [Object] },
     _header: null,
     _headers: { 'x-powered-by': 'Express' },
     _headerNames: { 'x-powered-by': 'X-Powered-By' },
     _onPendingData: [Function: updateOutgoingData],
     req: [Circular],
     locals: {},
     _startAt: undefined,
     _startTime: undefined,
     writeHead: [Function: writeHead],
     __onFinished: { [Function: listener] queue: [Object] } },
  _startAt: [ 11719, 73045022 ],
  _startTime: 2017-11-01T09:49:11.285Z,
  _remoteAddress: '::1',
  body: 
   [ { username: [Object],
       notification: [Object],
       packageName: 'opusNeo' },
     { username: [Object],
       notification: [Object],
       packageName: 'opusNeoTwo' } ],
  _body: true,
  length: undefined,
  read: [Function],
  route: 
   Route {
     path: '/sendToDeviceWithMultipleNotification',
     stack: [ [Object] ],
     methods: { post: true } } }
[Wed Nov 01 2017 15:19:11 GMT+0530 (India Standard Time)] INFO registrationTokens:Input parameter of send messaging service in FCM [ 'cFa5aM-qWLw:APA91bFDoU-NF_Zv4Qv0pAa3HbVaQaQgR4EdbEsQlI16rBVOG_MuryxtX8yF3Wh_lHIa61WxtT2yfeDmsKF8uj3nfXYWOpCFNJQadZvJdfLP8GRlrmIiWw02vEN1PN4lYB0wSiTMjkeh' ]
[Wed Nov 01 2017 15:19:11 GMT+0530 (India Standard Time)] INFO payload:Input parameter of send messaging service in FCM { notification: { title: 'Fulcrum Alert', body: 'Test Message 1' } }
[Wed Nov 01 2017 15:19:12 GMT+0530 (India Standard Time)] INFO registrationTokens:Input parameter of send messaging service in FCM [ 'eiHtpT0lq0Q:APA91bFOZcSlRjNUJUrCgx09q657mzp0d9hvoVkmpLqUL1b0HjJzyWqzMLMKmdcxyz_G0begyzO4fBVqWMEnYeUpSsc5nNjwp5mHg-aUTXVVdJp9Vba1djM3UbimyBt2guNR5TtqnXsZ' ]
[Wed Nov 01 2017 15:19:12 GMT+0530 (India Standard Time)] INFO payload:Input parameter of send messaging service in FCM { notification: { title: 'Fulcrum Alert', body: 'Test Message 2' } }
[Wed Nov 01 2017 15:19:12 GMT+0530 (India Standard Time)] INFO responseList [ { results: [ [Object] ],
    canonicalRegistrationTokenCount: 0,
    failureCount: 0,
    successCount: 1,
    multicastId: 5836251219908782000 },
  { results: [ [Object] ],
    canonicalRegistrationTokenCount: 0,
    failureCount: 0,
    successCount: 1,
    multicastId: 4781411475224126000 } ]
